Traducción de Solid Edge a STL
Fecha: martes,abril 10,2018 11:00
Archivo fuente:C:\Users\JCL\Documents\Pieza1.par
Archivo de salida: C:\Users\JCL\Documents\Pieza1.stl
Sistema fuente: SOLID EDGE

Hardware:
Procesador: Intel(R) Core(TM) i7 CPU         950  @ 3.07GHz
Sistema operativo: Windows 8
Memoria: 7,99 GB

Información sobre el software:
Versión de Parasolid: 30.0.167
Versión de taller de producción: 30.0.81
Versión de Solid Edge: 110.00.00.107 x64

Opciones de exportación de STL:
Formato de la carpeta de salida:ASCII
Exportar las piezas visualizadas: Desactivado
Opción estructural: Monolithic
Exportar unidades: Millimeter
Exportar el valor de la tolerancia:0,010000
Exportar el tipo de tolerancia: Custom
Exportar el valor del ángulo plano de superficie:0,523599

Avance en la traducción:
Fase 1 de 2 recuperando la información sobre Parasolid...
Fase 2 de 2 traduciendo Parasolid a tipos de datos externos...
Número de archivos STL creados: 1
Se completó el proceso de traducción
Tiempo necesario para traducir:00 : 00 : 02
